Build started 3/31/2015 8:52:35 PM.
     1>Project "\\banner.main.ad.rit.edu\students\cjw6117\IGMProfile\Desktop\GitHub\DSASpheres\A8 - Bounding Spheres\0_TestBed\0_TestBed.vcxproj" on node 2 (Build target(s)).
     1>ClCompile:
         C:\Program Files (x86)\Microsoft Visual Studio 11.0\VC\bin\CL.exe /c /Zi /nologo /W3 /WX- /Od /Oy- /D DEBUG /D _MBCS /D _UNICODE /D UNICODE /Gm /EHsc /RTC1 /MDd /GS /fp:precise /Zc:wchar_t /Zc:forScope /Fo"\\banner.main.ad.rit.edu\students\cjw6117\IGMProfile\Desktop\GitHub\DSASpheres\A8 - Bounding Spheres\Z_DELETE\Spheres\Debug\\" /Fd"\\banner.main.ad.rit.edu\students\cjw6117\IGMProfile\Desktop\GitHub\DSASpheres\A8 - Bounding Spheres\Z_DELETE\Spheres\Debug\vc110.pdb" /Gd /TP /wd4251 /analyze- /errorReport:prompt /D _CRT_SECURE_NO_WARNINGS Application.cpp ApplicationClass.cpp ApplicationControls.cpp BoundingBoxClass.cpp BoundingBoxManagerSingleton.cpp BoundingSphereClass.cpp BoundingSphereManagerSingleton.cpp Main.cpp
         Main.cpp
         BoundingSphereManagerSingleton.cpp
         BoundingSphereClass.cpp
         BoundingBoxManagerSingleton.cpp
     1>\\banner.main.ad.rit.edu\students\cjw6117\igmprofile\desktop\github\dsaspheres\a8 - bounding spheres\0_testbed\BoundingBoxManagerSingleton.h(14): fatal error C1070: mismatched #if/#endif pair in file '\\banner.main.ad.rit.edu\students\cjw6117\igmprofile\desktop\github\dsaspheres\a8 - bounding spheres\0_testbed\boundingboxmanagersingleton.h'
         BoundingBoxClass.cpp
     1>BoundingBoxClass.cpp(24): error C2039: 'BoundingSphereClass' : is not a member of 'BoundingBoxClass'
                 \\banner.main.ad.rit.edu\students\cjw6117\igmprofile\desktop\github\dsaspheres\a8 - bounding spheres\0_testbed\BoundingBoxClass.h(13) : see declaration of 'BoundingBoxClass'
     1>BoundingBoxClass.cpp(24): error C4430: missing type specifier - int assumed. Note: C++ does not support default-int
     1>BoundingBoxClass.cpp(24): error C3861: 'Init': identifier not found
     1>BoundingBoxClass.cpp(24): warning C4508: 'BoundingSphereClass' : function should return a value; 'void' return type assumed
     1>BoundingBoxClass.cpp(25): error C2039: 'BoundingSphereClass' : is not a member of 'BoundingBoxClass'
                 \\banner.main.ad.rit.edu\students\cjw6117\igmprofile\desktop\github\dsaspheres\a8 - bounding spheres\0_testbed\BoundingBoxClass.h(13) : see declaration of 'BoundingBoxClass'
     1>BoundingBoxClass.cpp(26): error C4430: missing type specifier - int assumed. Note: C++ does not support default-int
     1>BoundingBoxClass.cpp(27): error C2065: 'm_bInitialized' : undeclared identifier
     1>BoundingBoxClass.cpp(27): error C2248: 'BoundingBoxClass::m_bInitialized' : cannot access private member declared in class 'BoundingBoxClass'
                 \\banner.main.ad.rit.edu\students\cjw6117\igmprofile\desktop\github\dsaspheres\a8 - bounding spheres\0_testbed\BoundingBoxClass.h(14) : see declaration of 'BoundingBoxClass::m_bInitialized'
                 \\banner.main.ad.rit.edu\students\cjw6117\igmprofile\desktop\github\dsaspheres\a8 - bounding spheres\0_testbed\BoundingBoxClass.h(13) : see declaration of 'BoundingBoxClass'
     1>BoundingBoxClass.cpp(28): error C2065: 'm_fRadius' : undeclared identifier
     1>BoundingBoxClass.cpp(28): error C2039: 'm_fRadius' : is not a member of 'BoundingBoxClass'
                 \\banner.main.ad.rit.edu\students\cjw6117\igmprofile\desktop\github\dsaspheres\a8 - bounding spheres\0_testbed\BoundingBoxClass.h(13) : see declaration of 'BoundingBoxClass'
     1>BoundingBoxClass.cpp(29): error C2065: 'm_v3Centroid' : undeclared identifier
     1>BoundingBoxClass.cpp(29): error C2248: 'BoundingBoxClass::m_v3Centroid' : cannot access private member declared in class 'BoundingBoxClass'
                 \\banner.main.ad.rit.edu\students\cjw6117\igmprofile\desktop\github\dsaspheres\a8 - bounding spheres\0_testbed\BoundingBoxClass.h(18) : see declaration of 'BoundingBoxClass::m_v3Centroid'
                 \\banner.main.ad.rit.edu\students\cjw6117\igmprofile\desktop\github\dsaspheres\a8 - bounding spheres\0_testbed\BoundingBoxClass.h(13) : see declaration of 'BoundingBoxClass'
     1>BoundingBoxClass.cpp(30): error C2065: 'm_sName' : undeclared identifier
     1>BoundingBoxClass.cpp(30): error C2248: 'BoundingBoxClass::m_sName' : cannot access private member declared in class 'BoundingBoxClass'
                 \\banner.main.ad.rit.edu\students\cjw6117\igmprofile\desktop\github\dsaspheres\a8 - bounding spheres\0_testbed\BoundingBoxClass.h(19) : see declaration of 'BoundingBoxClass::m_sName'
                 \\banner.main.ad.rit.edu\students\cjw6117\igmprofile\desktop\github\dsaspheres\a8 - bounding spheres\0_testbed\BoundingBoxClass.h(13) : see declaration of 'BoundingBoxClass'
     1>BoundingBoxClass.cpp(31): warning C4508: 'BoundingSphereClass' : function should return a value; 'void' return type assumed
     1>BoundingBoxClass.cpp(32): error C2143: syntax error : missing ';' before '&'
     1>BoundingBoxClass.cpp(32): error C4430: missing type specifier - int assumed. Note: C++ does not support default-int
     1>BoundingBoxClass.cpp(32): error C2365: 'BoundingSphereClass' : redefinition; previous definition was 'function'
     1>BoundingBoxClass.cpp(32): error C2653: 'BoundingSphereClass' : is not a class or namespace name
     1>BoundingBoxClass.cpp(32): error C2143: syntax error : missing ')' before 'const'
     1>BoundingBoxClass.cpp(32): error C2440: 'initializing' : cannot convert from 'overloaded-function' to 'int &'
     1>BoundingBoxClass.cpp(32): error C2059: syntax error : ')'
     1>BoundingBoxClass.cpp(33): error C2143: syntax error : missing ';' before '{'
     1>BoundingBoxClass.cpp(33): error C2447: '{' : missing function header (old-style formal list?)
     1>BoundingBoxClass.cpp(43): error C2653: 'BoundingSphereClass' : is not a class or namespace name
     1>BoundingBoxClass.cpp(43): fatal error C1903: unable to recover from previous error(s); stopping compilation
         ApplicationControls.cpp
         ApplicationClass.cpp
         Application.cpp
         Generating Code...
     1>Done Building Project "\\banner.main.ad.rit.edu\students\cjw6117\IGMProfile\Desktop\GitHub\DSASpheres\A8 - Bounding Spheres\0_TestBed\0_TestBed.vcxproj" (Build target(s)) -- FAILED.

Build FAILED.

Time Elapsed 00:00:33.08
